# Logfile created on 2018-12-10 16:11:21 +0100 by logger.rb/61378
[2018-12-10T16:11:19 (process) #58172][INFO] appsignal: Loading Rails (5.1.6.1) integration
[2018-12-10T16:11:21 (process) #58172][INFO] Starting AppSignal 2.7.2 (bin/rails, Ruby 2.5.0, x86_64-darwin18)
[2018-12-10T16:11:21 (process) #58172][INFO] Installing action_cable hook
[2018-12-10T16:11:21 (process) #58172][INFO] Installing active_support_notifications hook
[2018-12-10T16:11:21 (process) #58172][INFO] Installing net_http hook
[2018-12-10T16:11:21 (process) #58172][INFO] Installing rake hook
[2018-12-10T16:11:21 (process) #58172][INFO] Installing redis hook
[2018-12-10T16:11:21 (process) #58172][INFO] Installing sidekiq hook
[2018-12-10T16:11:21 (agent) #58187][Info] Started appsignal-agent Config { local_env: {}, active: true, agent_standalone: false, running_in_container: false, app_path: Some("/Users/robertbeekman/Sites/_appsignal/test/rails5"), agent_path: Some("/Users/robertbeekman/.rbenv/versions/2.5.0/lib/ruby/gems/2.5.0/gems/appsignal-2.7.2/ext"), debug_logging: false, log: File, log_file_path: Some("/Users/robertbeekman/Sites/_appsignal/test/rails5/log/appsignal.log"), working_dir_path: "/private/tmp/appsignal", push_api_endpoint: "https://push.appsignal.com/2/collect", push_api_key: "65c91e2f-c0f2-4005-8064-ffffec5f7b20", environment: "development", app_name: Some("HerokuTestApp"), language_integration_version: Some("ruby-2.7.2"), platform: None, transmission_interval: 30, http_proxy: None, ignore_actions: None, ignore_errors: None, ignore_namespaces: None, enable_host_metrics: true, hostname: Some("Roberts-MacBook-Pro.local"), role: None, ca_file_path: Some("/Users/robertbeekman/.rbenv/versions/2.5.0/lib/ruby/gems/2.5.0/gems/appsignal-2.7.2/resources/cacert.pem"), diagnose_mode: false, dns_servers: None, files_world_accessible: true, app_revision: None, process_name: "rails" }
[2018-12-10T16:11:21 (agent) #58187][Info] Listening on /private/tmp/appsignal/agent.socket
[2018-12-10T16:11:29 (process) #58188][INFO] appsignal: Loading Rails (5.1.6.1) integration
[2018-12-10T16:11:30 (process) #58188][INFO] Starting AppSignal 2.7.2 (bin/rails, Ruby 2.5.0, x86_64-darwin18)
[2018-12-10T16:11:30 (process) #58188][INFO] Installing action_cable hook
[2018-12-10T16:11:30 (process) #58188][INFO] Installing active_support_notifications hook
[2018-12-10T16:11:30 (process) #58188][INFO] Installing net_http hook
[2018-12-10T16:11:30 (process) #58188][INFO] Installing redis hook
[2018-12-10T16:11:30 (process) #58188][INFO] Installing sidekiq hook
[2018-12-10T16:11:51 (agent) #58187][Warn] Connection error while posting to push api, queuing payload: Transferred a partial file
[2018-12-10T16:12:21 (agent) #58187][Error] API token cannot be authorized, get a new one at https://appsignal.com
[2018-12-10T16:12:55 (agent) #58187][Error] API token cannot be authorized, get a new one at https://appsignal.com
[2018-12-10T16:13:11 (process) #58248][INFO] appsignal: Loading Rails (5.1.6.1) integration
[2018-12-10T16:13:12 (process) #58248][INFO] Starting AppSignal 2.7.2 (bin/rails, Ruby 2.5.0, x86_64-darwin18)
[2018-12-10T16:13:12 (process) #58248][INFO] Installing action_cable hook
[2018-12-10T16:13:12 (process) #58248][INFO] Installing active_support_notifications hook
[2018-12-10T16:13:12 (process) #58248][INFO] Installing net_http hook
[2018-12-10T16:13:12 (process) #58248][INFO] Installing redis hook
[2018-12-10T16:13:12 (process) #58248][INFO] Installing sidekiq hook
[2018-12-10T16:13:22 (agent) #58187][Error] API token cannot be authorized, get a new one at https://appsignal.com
[2018-12-10T16:13:29 (process) #58271][INFO] appsignal: Loading Rails (5.1.6.1) integration
[2018-12-10T16:13:30 (process) #58271][INFO] Starting AppSignal 2.7.2 (bin/rails, Ruby 2.5.0, x86_64-darwin18)
[2018-12-10T16:13:30 (process) #58271][INFO] Installing action_cable hook
[2018-12-10T16:13:30 (process) #58271][INFO] Installing active_support_notifications hook
[2018-12-10T16:13:30 (process) #58271][INFO] Installing net_http hook
[2018-12-10T16:13:30 (process) #58271][INFO] Installing redis hook
[2018-12-10T16:13:30 (process) #58271][INFO] Installing sidekiq hook
[2018-12-10T16:13:52 (agent) #58187][Error] API token cannot be authorized, get a new one at https://appsignal.com
[2018-12-10T16:13:52 (process) #58294][INFO] appsignal: Loading Rails (5.1.6.1) integration
[2018-12-10T16:13:53 (process) #58294][INFO] Starting AppSignal 2.7.2 (bin/rails, Ruby 2.5.0, x86_64-darwin18)
[2018-12-10T16:13:53 (process) #58294][INFO] Installing action_cable hook
[2018-12-10T16:13:53 (process) #58294][INFO] Installing active_support_notifications hook
[2018-12-10T16:13:53 (process) #58294][INFO] Installing net_http hook
[2018-12-10T16:13:53 (process) #58294][INFO] Installing redis hook
[2018-12-10T16:13:53 (process) #58294][INFO] Installing sidekiq hook
[2018-12-10T16:14:22 (agent) #58187][Error] API token cannot be authorized, get a new one at https://appsignal.com
[2018-12-10T16:14:52 (agent) #58187][Error] API token cannot be authorized, get a new one at https://appsignal.com
[2018-12-10T16:15:22 (agent) #58187][Error] API token cannot be authorized, get a new one at https://appsignal.com
[2018-12-10T16:15:41 (process) #58328][INFO] appsignal: Loading Rails (5.1.6.1) integration
[2018-12-10T16:15:43 (process) #58328][INFO] Starting AppSignal 2.7.2 (bin/rails, Ruby 2.5.0, x86_64-darwin18)
[2018-12-10T16:15:43 (process) #58328][INFO] Installing action_cable hook
[2018-12-10T16:15:43 (process) #58328][INFO] Installing active_support_notifications hook
[2018-12-10T16:15:43 (process) #58328][INFO] Installing net_http hook
[2018-12-10T16:15:43 (process) #58328][INFO] Installing redis hook
[2018-12-10T16:15:43 (process) #58328][INFO] Installing sidekiq hook
[2018-12-10T16:15:53 (agent) #58187][Error] API token cannot be authorized, get a new one at https://appsignal.com
[2018-12-10T16:16:23 (agent) #58187][Error] API token cannot be authorized, get a new one at https://appsignal.com
[2018-12-10T16:16:22 (process) #58796][INFO] appsignal: Loading Rails (5.1.6.1) integration
[2018-12-10T16:16:23 (process) #58796][INFO] Starting AppSignal 2.7.2 (bin/rails, Ruby 2.5.0, x86_64-darwin18)
[2018-12-10T16:16:23 (process) #58796][INFO] Installing action_cable hook
[2018-12-10T16:16:23 (process) #58796][INFO] Installing active_support_notifications hook
[2018-12-10T16:16:23 (process) #58796][INFO] Installing net_http hook
[2018-12-10T16:16:23 (process) #58796][INFO] Installing redis hook
[2018-12-10T16:16:23 (process) #58796][INFO] Installing sidekiq hook
[2018-12-10T16:16:53 (agent) #58187][Error] API token cannot be authorized, get a new one at https://appsignal.com
